<?xml version="1.0" encoding="UTF-8"?>
<testng-results skipped="0" failed="1" ignored="0" total="1" passed="0">
  <reporter-output>
  </reporter-output>
  <suite name="Suite" duration-ms="28806" started-at="2023-06-11T15:00:33 BDT" finished-at="2023-06-11T15:01:02 BDT">
    <groups>
      <group name="cucumber">
        <method signature="AbstractTestNGCucumberTests.runScenario(io.cucumber.testng.PickleWrapper, io.cucumber.testng.FeatureWrapper)[pri:0, instance:TestRunner.AppRunnerTest@5119fb47]" name="runScenario" class="io.cucumber.testng.AbstractTestNGCucumberTests"/>
      </group> <!-- cucumber -->
    </groups>
    <test name="appTest" duration-ms="28806" started-at="2023-06-11T15:00:33 BDT" finished-at="2023-06-11T15:01:02 BDT">
      <class name="TestRunner.AppRunnerTest">
        <test-method status="PASS" signature="setUpClass()[pri:0, instance:TestRunner.AppRunnerTest@5119fb47]" name="setUpClass" is-config="true" duration-ms="538" started-at="2023-06-11T15:00:33 BDT" finished-at="2023-06-11T15:00:34 BDT">
          <reporter-output>
          </reporter-output>
        </test-method> <!-- setUpClass -->
        <test-method status="FAIL" signature="runScenario(io.cucumber.testng.PickleWrapper, io.cucumber.testng.FeatureWrapper)[pri:0, instance:TestRunner.AppRunnerTest@5119fb47]" name="runScenario" duration-ms="28201" started-at="2023-06-11T15:00:34 BDT" description="Runs Cucumber Scenarios" data-provider="scenarios" finished-at="2023-06-11T15:01:02 BDT">
          <params>
            <param index="0">
              <value>
                <![CDATA["user login with valid data"]]>
              </value>
            </param>
            <param index="1">
              <value>
                <![CDATA["Optional[Login Module]"]]>
              </value>
            </param>
          </params>
          <exception class="java.lang.NoSuchMethodError">
            <message>
              <![CDATA[org.openqa.selenium.support.ui.WebDriverWait.<init>(Lorg/openqa/selenium/WebDriver;J)V]]>
            </message>
            <full-stacktrace>
              <![CDATA[java.lang.NoSuchMethodError: org.openqa.selenium.support.ui.WebDriverWait.<init>(Lorg/openqa/selenium/WebDriver;J)V
at SearchPage.LoginPage.clickLogin(LoginPage.java:63)
at AppStepDefination.LoginStepDefination.clickLoginButton(LoginStepDefination.java:33)
at ✽.click login button(file:///C:/Users/Asus/Desktop/MobileAutomation/MobileAutomationWithPOM/src/test/resources/Features/01_appLogin.feature:7)
]]>
            </full-stacktrace>
          </exception> <!-- java.lang.NoSuchMethodError -->
          <reporter-output>
          </reporter-output>
        </test-method> <!-- runScenario -->
        <test-method status="PASS" signature="tearDownClass()[pri:0, instance:TestRunner.AppRunnerTest@5119fb47]" name="tearDownClass" is-config="true" duration-ms="43" started-at="2023-06-11T15:01:02 BDT" finished-at="2023-06-11T15:01:02 BDT">
          <reporter-output>
          </reporter-output>
        </test-method> <!-- tearDownClass -->
      </class> <!-- TestRunner.AppRunnerTest -->
    </test> <!-- appTest -->
  </suite> <!-- Suite -->
</testng-results>
