<?xml version="1.0" encoding="UTF-8"?>
<!-- Generated by org.testng.reporters.JUnitReportReporter -->
<testsuite skipped="0" hostname="DESKTOP-ACI7R7L" name="TestRunner.AppRunnerTest" tests="1" failures="0" timestamp="2023-06-11T15:01:02 BDT" time="28.201" errors="1">
  <testcase name="runScenario" time="28.201" classname="TestRunner.AppRunnerTest">
    <error type="java.lang.NoSuchMethodError" message="org.openqa.selenium.support.ui.WebDriverWait.&lt;init&gt;(Lorg/openqa/selenium/WebDriver;J)V">
      <![CDATA[java.lang.NoSuchMethodError: org.openqa.selenium.support.ui.WebDriverWait.<init>(Lorg/openqa/selenium/WebDriver;J)V
at SearchPage.LoginPage.clickLogin(LoginPage.java:63)
at AppStepDefination.LoginStepDefination.clickLoginButton(LoginStepDefination.java:33)
at ✽.click login button(file:///C:/Users/Asus/Desktop/MobileAutomation/MobileAutomationWithPOM/src/test/resources/Features/01_appLogin.feature:7)
]]>
    </error>
  </testcase> <!-- runScenario -->
  <system-out/>
</testsuite> <!-- TestRunner.AppRunnerTest -->
